[13:01:39] [ServerMain/INFO]: [bootstrap] Running Java 21 (OpenJDK 64-Bit Server VM 21.0.6+7-LTS; Microsoft Microsoft-10800198) on Linux 6.8.0-1027-azure (amd64)
[13:01:39] [ServerMain/INFO]: [bootstrap] Loading Paper 1.21.4-225-main@0767902 (2025-04-11T21:49:39Z) for Minecraft 1.21.4
[13:01:39] [ServerMain/INFO]: [PluginInitializerManager] Initializing plugins...
[13:01:40] [ServerMain/INFO]: [PluginInitializerManager] Initialized 3 plugins
[13:01:40] [ServerMain/INFO]: [PluginInitializerManager] Bukkit plugins (3):
 - SkinsRestorer (15.6.5), playit-gg (0.1.4), voicechat (2.5.30)
[13:01:51] [ServerMain/INFO]: Environment: Environment[sessionHost=https://sessionserver.mojang.com, servicesHost=https://api.minecraftservices.com, name=PROD]
[13:01:56] [ServerMain/INFO]: Loaded 1370 recipes
[13:01:56] [ServerMain/INFO]: Loaded 1481 advancements
[13:01:56] [ServerMain/INFO]: [MCTypeRegistry] Initialising converters for DataConverter...
[13:01:57] [ServerMain/INFO]: [MCTypeRegistry] Finished initialising converters for DataConverter in 622.0ms
[13:01:57] [Server thread/INFO]: Starting minecraft server version 1.21.4
[13:01:57] [Server thread/INFO]: Loading properties
[13:01:57] [Server thread/INFO]: This server is running Paper version 1.21.4-225-main@0767902 (2025-04-11T21:49:39Z) (Implementing API version 1.21.4-R0.1-SNAPSHOT)
[13:01:57] [Server thread/INFO]: [spark] This server bundles the spark profiler. For more information please visit https://docs.papermc.io/paper/profiling
[13:01:57] [Server thread/INFO]: Server Ping Player Sample Count: 12
[13:01:58] [Server thread/INFO]: Using 4 threads for Netty based IO
[13:02:00] [Server thread/INFO]: [MoonriseCommon] Paper is using 1 worker threads, 1 I/O threads
[13:02:00] [Server thread/INFO]: [ChunkTaskScheduler] Chunk system is using population gen parallelism: true
[13:02:01] [Server thread/INFO]: Default game type: SURVIVAL
[13:02:01] [Server thread/INFO]: Generating keypair
[13:02:01] [Server thread/INFO]: Starting Minecraft server on *:25565
[13:02:01] [Server thread/INFO]: Using epoll channel type
[13:02:01] [Server thread/INFO]: Paper: Using libdeflate (Linux x86_64) compression from Velocity.
[13:02:01] [Server thread/INFO]: Paper: Using OpenSSL 1.1.x (Linux x86_64) cipher from Velocity.
[13:02:02] [Server thread/INFO]: [playit-gg] Loading server plugin playit-gg v0.1.4
[13:02:02] [Server thread/INFO]: [SkinsRestorer] Loading server plugin SkinsRestorer v15.6.5
[13:02:02] [Server thread/INFO]: [voicechat] Loading server plugin voicechat v2.5.30
[13:02:02] [Server thread/INFO]: Server permissions file permissions.yml is empty, ignoring it
[13:02:02] [Server thread/INFO]: [SkinsRestorer] Enabling SkinsRestorer v15.6.5
[13:02:06] [Server thread/INFO]: [SkinsRestorer] Running on Minecraft 1.21.4.
[13:02:07] [Server thread/INFO]: [SkinsRestorer] Using paper join listener!
[13:02:07] [Server thread/INFO]: Preparing level "world"
[13:02:07] [Folia Async Scheduler Thread #1/INFO]: [SkinsRestorer] ----------------------------------------------
[13:02:07] [Folia Async Scheduler Thread #1/INFO]: [SkinsRestorer]     +==================+
[13:02:07] [Folia Async Scheduler Thread #1/INFO]: [SkinsRestorer]     |   SkinsRestorer  |
[13:02:07] [Folia Async Scheduler Thread #1/INFO]: [SkinsRestorer]     |------------------|
[13:02:07] [Folia Async Scheduler Thread #1/INFO]: [SkinsRestorer]     |  Standalone Mode |
[13:02:07] [Folia Async Scheduler Thread #1/INFO]: [SkinsRestorer]     +==================+
[13:02:07] [Folia Async Scheduler Thread #1/INFO]: [SkinsRestorer] ----------------------------------------------
[13:02:07] [Folia Async Scheduler Thread #1/INFO]: [SkinsRestorer]     Version: 15.6.5
[13:02:07] [Folia Async Scheduler Thread #1/INFO]: [SkinsRestorer]     Commit: f8c262a
[13:02:07] [Folia Async Scheduler Thread #1/INFO]: [SkinsRestorer]     This is the latest version!
[13:02:07] [Folia Async Scheduler Thread #1/INFO]: [SkinsRestorer] ----------------------------------------------
[13:02:07] [Folia Async Scheduler Thread #1/INFO]: [SkinsRestorer] Do you have issues? Read our troubleshooting guide: https://skinsrestorer.net/docs/troubleshooting
[13:02:07] [Folia Async Scheduler Thread #1/INFO]: [SkinsRestorer] Want to support SkinsRestorer? Consider donating: https://skinsrestorer.net/donate
[13:02:08] [Server thread/INFO]: Preparing start region for dimension minecraft:overworld
[13:02:09] [Server thread/INFO]: Preparing spawn area: 0%
[13:02:09] [Server thread/INFO]: Preparing spawn area: 0%
[13:02:10] [Server thread/INFO]: Preparing spawn area: 0%
[13:02:10] [Server thread/INFO]: Preparing spawn area: 0%
[13:02:10] [Server thread/INFO]: Preparing spawn area: 0%
[13:02:11] [Server thread/INFO]: Time elapsed: 2451 ms
[13:02:11] [Server thread/INFO]: Preparing start region for dimension minecraft:the_nether
[13:02:11] [Server thread/INFO]: Preparing spawn area: 0%
[13:02:11] [Server thread/INFO]: Preparing spawn area: 10%
[13:02:12] [Server thread/INFO]: Time elapsed: 822 ms
[13:02:12] [Server thread/INFO]: Preparing start region for dimension minecraft:the_end
[13:02:12] [Server thread/INFO]: Preparing spawn area: 0%
[13:02:12] [Server thread/INFO]: Time elapsed: 428 ms
[13:02:12] [Server thread/INFO]: [playit-gg] Enabling playit-gg v0.1.4
[13:02:12] [Thread-11/INFO]: [gg.playit.minecraft.PlayitKeysSetup] secret key found, checking
[13:02:13] [Thread-11/INFO]: [gg.playit.minecraft.PlayitKeysSetup] check secret
[13:02:13] [Server thread/INFO]: [voicechat] Enabling voicechat v2.5.30
[13:02:13] [Server thread/INFO]: [voicechat] Initializing compatibility for version 1.21.4-R0.1
[13:02:13] [Server thread/INFO]: [voicechat] Compatibility version 18
[13:02:13] [Server thread/INFO]: [voicechat] Successfully initialized commodore command completion
[13:02:14] [Server thread/INFO]: [spark] Starting background profiler...
[13:02:14] [Server thread/INFO]: Done preparing level "world" (7.263s)
[13:02:14] [Server thread/INFO]: Running delayed init tasks
[13:02:14] [Server thread/INFO]: Done (38.023s)! For help, type "help"
[13:02:14] [Server thread/INFO]: [voicechat] Loading plugins
[13:02:14] [Server thread/INFO]: [voicechat] Loaded 0 plugin(s)
[13:02:14] [Server thread/INFO]: [voicechat] Initializing plugins
[13:02:14] [Server thread/INFO]: [voicechat] Initialized 0 plugin(s)
[13:02:14] [VoiceChatServerThread/INFO]: [voicechat] Voice chat server started at port 24454
[13:02:14] [Thread-11/INFO]: [gg.playit.minecraft.PlayitKeysSetup] found minecraft java tunnel: fire-automobile.joinmc.link
[13:02:14] [Thread-11/INFO]: [gg.playit.minecraft.PlayitManager] keys and tunnel setup
[13:02:14] [Thread-11/INFO]: playit.gg: tunnel setup
[13:02:14] [Thread-11/INFO]: playit.gg: fire-automobile.joinmc.link
[13:02:15] [Thread-11/WARN]: [gg.playit.control.ChannelSetup] Got IO error working with :control.playit.gg/2602:fbaf:82c:0:0:0:0:1, error : java.net.SocketException: Network is unreachable
[13:02:15] [Thread-11/INFO]: [gg.playit.control.ChannelSetup] request queued, waiting 1 second before resend
